
========================================================================
[PYTHON CRASH] 2026-05-31T15:07:34.807751
========================================================================
Traceback (most recent call last):
  File "/home/gal_k_1_1998/revizor/sca-fuzzer/./revizor.py", line 21, in <module>
    exit_code = main()
  File "/home/gal_k_1_1998/revizor/sca-fuzzer/src/cli.py", line 449, in main
    exit_code = fuzzer.start_random(args.num_test_cases, args.num_inputs, args.timeout,
                                    args.nonstop, args.save_violations)
  File "/home/gal_k_1_1998/revizor/sca-fuzzer/src/fuzzer.py", line 110, in start_random
    return self._start(num_test_cases, num_inputs, timeout, nonstop, save_violations)
           ~~~~~~~~~~~^^^^^^^^^^^^^^^^^^^^^^^^^^^^^^^^^^^^^^^^^^^^^^^^^^^^^^^^^^^^^^^
  File "/home/gal_k_1_1998/revizor/sca-fuzzer/src/fuzzer.py", line 159, in _start
    violation = self.fuzzing_round(test_case, inputs)
  File "/home/gal_k_1_1998/revizor/sca-fuzzer/src/fuzzer.py", line 225, in fuzzing_round
    violations, args.ctraces, htraces = self._collect_traces(args)
                                        ~~~~~~~~~~~~~~~~~~~~^^^^^^
  File "/home/gal_k_1_1998/revizor/sca-fuzzer/src/fuzzer.py", line 322, in _collect_traces
    htraces, test_cases = self.executor.trace_test_case(args.inputs, args.n_reps)
                          ~~~~~~~~~~~~~~~~~~~~~~~~~~~~~^^^^^^^^^^^^^^^^^^^^^^^^^^
  File "/home/gal_k_1_1998/revizor/sca-fuzzer/src/aarch64/aarch64_executor.py", line 639, in trace_test_case
    self.local_executor.trace()
    ~~~~~~~~~~~~~~~~~~~~~~~~~^^
  File "/home/gal_k_1_1998/revizor/sca-fuzzer/src/aarch64/aarch64_connection.py", line 679, in trace
    self._ioctl(REVISOR_TRACE)
    ~~~~~~~~~~~^^^^^^^^^^^^^^^
  File "/home/gal_k_1_1998/revizor/sca-fuzzer/src/aarch64/aarch64_connection.py", line 673, in _ioctl
    ret = fcntl.ioctl(self.fd, cmd, buf)
KeyboardInterrupt

========================================================================
[PYTHON CRASH] 2026-05-31T15:10:22.354578
========================================================================
Traceback (most recent call last):
  File "/home/gal_k_1_1998/revizor/sca-fuzzer/./revizor.py", line 21, in <module>
    exit_code = main()
  File "/home/gal_k_1_1998/revizor/sca-fuzzer/src/cli.py", line 449, in main
    exit_code = fuzzer.start_random(args.num_test_cases, args.num_inputs, args.timeout,
                                    args.nonstop, args.save_violations)
  File "/home/gal_k_1_1998/revizor/sca-fuzzer/src/fuzzer.py", line 110, in start_random
    return self._start(num_test_cases, num_inputs, timeout, nonstop, save_violations)
           ~~~~~~~~~~~^^^^^^^^^^^^^^^^^^^^^^^^^^^^^^^^^^^^^^^^^^^^^^^^^^^^^^^^^^^^^^^
  File "/home/gal_k_1_1998/revizor/sca-fuzzer/src/fuzzer.py", line 159, in _start
    violation = self.fuzzing_round(test_case, inputs)
  File "/home/gal_k_1_1998/revizor/sca-fuzzer/src/fuzzer.py", line 225, in fuzzing_round
    violations, args.ctraces, htraces = self._collect_traces(args)
                                        ~~~~~~~~~~~~~~~~~~~~^^^^^^
  File "/home/gal_k_1_1998/revizor/sca-fuzzer/src/fuzzer.py", line 322, in _collect_traces
    htraces, test_cases = self.executor.trace_test_case(args.inputs, args.n_reps)
                          ~~~~~~~~~~~~~~~~~~~~~~~~~~~~~^^^^^^^^^^^^^^^^^^^^^^^^^^
  File "/home/gal_k_1_1998/revizor/sca-fuzzer/src/aarch64/aarch64_executor.py", line 639, in trace_test_case
    self.local_executor.trace()
    ~~~~~~~~~~~~~~~~~~~~~~~~~^^
  File "/home/gal_k_1_1998/revizor/sca-fuzzer/src/aarch64/aarch64_connection.py", line 679, in trace
    self._ioctl(REVISOR_TRACE)
    ~~~~~~~~~~~^^^^^^^^^^^^^^^
  File "/home/gal_k_1_1998/revizor/sca-fuzzer/src/aarch64/aarch64_connection.py", line 673, in _ioctl
    ret = fcntl.ioctl(self.fd, cmd, buf)
KeyboardInterrupt

========================================================================
[PYTHON CRASH] 2026-05-31T15:15:26.542266
========================================================================
Traceback (most recent call last):
  File "/home/gal_k_1_1998/revizor/sca-fuzzer/./revizor.py", line 21, in <module>
    exit_code = main()
  File "/home/gal_k_1_1998/revizor/sca-fuzzer/src/cli.py", line 449, in main
    exit_code = fuzzer.start_random(args.num_test_cases, args.num_inputs, args.timeout,
                                    args.nonstop, args.save_violations)
  File "/home/gal_k_1_1998/revizor/sca-fuzzer/src/fuzzer.py", line 110, in start_random
    return self._start(num_test_cases, num_inputs, timeout, nonstop, save_violations)
           ~~~~~~~~~~~^^^^^^^^^^^^^^^^^^^^^^^^^^^^^^^^^^^^^^^^^^^^^^^^^^^^^^^^^^^^^^^
  File "/home/gal_k_1_1998/revizor/sca-fuzzer/src/fuzzer.py", line 159, in _start
    violation = self.fuzzing_round(test_case, inputs)
  File "/home/gal_k_1_1998/revizor/sca-fuzzer/src/fuzzer.py", line 225, in fuzzing_round
    violations, args.ctraces, htraces = self._collect_traces(args)
                                        ~~~~~~~~~~~~~~~~~~~~^^^^^^
  File "/home/gal_k_1_1998/revizor/sca-fuzzer/src/fuzzer.py", line 322, in _collect_traces
    htraces, test_cases = self.executor.trace_test_case(args.inputs, args.n_reps)
                          ~~~~~~~~~~~~~~~~~~~~~~~~~~~~~^^^^^^^^^^^^^^^^^^^^^^^^^^
  File "/home/gal_k_1_1998/revizor/sca-fuzzer/src/aarch64/aarch64_executor.py", line 639, in trace_test_case
    self.local_executor.trace()
    ~~~~~~~~~~~~~~~~~~~~~~~~~^^
  File "/home/gal_k_1_1998/revizor/sca-fuzzer/src/aarch64/aarch64_connection.py", line 679, in trace
    self._ioctl(REVISOR_TRACE)
    ~~~~~~~~~~~^^^^^^^^^^^^^^^
  File "/home/gal_k_1_1998/revizor/sca-fuzzer/src/aarch64/aarch64_connection.py", line 673, in _ioctl
    ret = fcntl.ioctl(self.fd, cmd, buf)
KeyboardInterrupt

========================================================================
[PYTHON CRASH] 2026-05-31T15:21:25.942542
========================================================================
Traceback (most recent call last):
  File "/home/gal_k_1_1998/revizor/sca-fuzzer/./revizor.py", line 21, in <module>
    exit_code = main()
  File "/home/gal_k_1_1998/revizor/sca-fuzzer/src/cli.py", line 449, in main
    exit_code = fuzzer.start_random(args.num_test_cases, args.num_inputs, args.timeout,
                                    args.nonstop, args.save_violations)
  File "/home/gal_k_1_1998/revizor/sca-fuzzer/src/fuzzer.py", line 110, in start_random
    return self._start(num_test_cases, num_inputs, timeout, nonstop, save_violations)
           ~~~~~~~~~~~^^^^^^^^^^^^^^^^^^^^^^^^^^^^^^^^^^^^^^^^^^^^^^^^^^^^^^^^^^^^^^^
  File "/home/gal_k_1_1998/revizor/sca-fuzzer/src/fuzzer.py", line 159, in _start
    violation = self.fuzzing_round(test_case, inputs)
  File "/home/gal_k_1_1998/revizor/sca-fuzzer/src/fuzzer.py", line 225, in fuzzing_round
    violations, args.ctraces, htraces = self._collect_traces(args)
                                        ~~~~~~~~~~~~~~~~~~~~^^^^^^
  File "/home/gal_k_1_1998/revizor/sca-fuzzer/src/fuzzer.py", line 322, in _collect_traces
    htraces, test_cases = self.executor.trace_test_case(args.inputs, args.n_reps)
                          ~~~~~~~~~~~~~~~~~~~~~~~~~~~~~^^^^^^^^^^^^^^^^^^^^^^^^^^
  File "/home/gal_k_1_1998/revizor/sca-fuzzer/src/aarch64/aarch64_executor.py", line 656, in trace_test_case
    self.local_executor.trace()
    ~~~~~~~~~~~~~~~~~~~~~~~~~^^
  File "/home/gal_k_1_1998/revizor/sca-fuzzer/src/aarch64/aarch64_connection.py", line 679, in trace
    self._ioctl(REVISOR_TRACE)
    ~~~~~~~~~~~^^^^^^^^^^^^^^^
  File "/home/gal_k_1_1998/revizor/sca-fuzzer/src/aarch64/aarch64_connection.py", line 673, in _ioctl
    ret = fcntl.ioctl(self.fd, cmd, buf)
KeyboardInterrupt

========================================================================
[PYTHON CRASH] 2026-05-31T15:30:15.249432
========================================================================
Traceback (most recent call last):
  File "/home/gal_k_1_1998/revizor/sca-fuzzer/./revizor.py", line 21, in <module>
    exit_code = main()
  File "/home/gal_k_1_1998/revizor/sca-fuzzer/src/cli.py", line 449, in main
    exit_code = fuzzer.start_random(args.num_test_cases, args.num_inputs, args.timeout,
                                    args.nonstop, args.save_violations)
  File "/home/gal_k_1_1998/revizor/sca-fuzzer/src/fuzzer.py", line 110, in start_random
    return self._start(num_test_cases, num_inputs, timeout, nonstop, save_violations)
           ~~~~~~~~~~~^^^^^^^^^^^^^^^^^^^^^^^^^^^^^^^^^^^^^^^^^^^^^^^^^^^^^^^^^^^^^^^
  File "/home/gal_k_1_1998/revizor/sca-fuzzer/src/fuzzer.py", line 159, in _start
    violation = self.fuzzing_round(test_case, inputs)
  File "/home/gal_k_1_1998/revizor/sca-fuzzer/src/fuzzer.py", line 225, in fuzzing_round
    violations, args.ctraces, htraces = self._collect_traces(args)
                                        ~~~~~~~~~~~~~~~~~~~~^^^^^^
  File "/home/gal_k_1_1998/revizor/sca-fuzzer/src/fuzzer.py", line 322, in _collect_traces
    htraces, test_cases = self.executor.trace_test_case(args.inputs, args.n_reps)
                          ~~~~~~~~~~~~~~~~~~~~~~~~~~~~~^^^^^^^^^^^^^^^^^^^^^^^^^^
  File "/home/gal_k_1_1998/revizor/sca-fuzzer/src/aarch64/aarch64_executor.py", line 656, in trace_test_case
    self.local_executor.trace()
    ~~~~~~~~~~~~~~~~~~~~~~~~~^^
  File "/home/gal_k_1_1998/revizor/sca-fuzzer/src/aarch64/aarch64_connection.py", line 679, in trace
    self._ioctl(REVISOR_TRACE)
    ~~~~~~~~~~~^^^^^^^^^^^^^^^
  File "/home/gal_k_1_1998/revizor/sca-fuzzer/src/aarch64/aarch64_connection.py", line 673, in _ioctl
    ret = fcntl.ioctl(self.fd, cmd, buf)
KeyboardInterrupt

========================================================================
[PYTHON CRASH] 2026-05-31T15:31:39.957492
========================================================================
Traceback (most recent call last):
  File "/home/gal_k_1_1998/revizor/sca-fuzzer/./revizor.py", line 21, in <module>
    exit_code = main()
  File "/home/gal_k_1_1998/revizor/sca-fuzzer/src/cli.py", line 449, in main
    exit_code = fuzzer.start_random(args.num_test_cases, args.num_inputs, args.timeout,
                                    args.nonstop, args.save_violations)
  File "/home/gal_k_1_1998/revizor/sca-fuzzer/src/fuzzer.py", line 110, in start_random
    return self._start(num_test_cases, num_inputs, timeout, nonstop, save_violations)
           ~~~~~~~~~~~^^^^^^^^^^^^^^^^^^^^^^^^^^^^^^^^^^^^^^^^^^^^^^^^^^^^^^^^^^^^^^^
  File "/home/gal_k_1_1998/revizor/sca-fuzzer/src/fuzzer.py", line 159, in _start
    violation = self.fuzzing_round(test_case, inputs)
  File "/home/gal_k_1_1998/revizor/sca-fuzzer/src/fuzzer.py", line 225, in fuzzing_round
    violations, args.ctraces, htraces = self._collect_traces(args)
                                        ~~~~~~~~~~~~~~~~~~~~^^^^^^
  File "/home/gal_k_1_1998/revizor/sca-fuzzer/src/fuzzer.py", line 322, in _collect_traces
    htraces, test_cases = self.executor.trace_test_case(args.inputs, args.n_reps)
                          ~~~~~~~~~~~~~~~~~~~~~~~~~~~~~^^^^^^^^^^^^^^^^^^^^^^^^^^
  File "/home/gal_k_1_1998/revizor/sca-fuzzer/src/aarch64/aarch64_executor.py", line 656, in trace_test_case
    self.local_executor.trace()
    ~~~~~~~~~~~~~~~~~~~~~~~~~^^
  File "/home/gal_k_1_1998/revizor/sca-fuzzer/src/aarch64/aarch64_connection.py", line 679, in trace
    self._ioctl(REVISOR_TRACE)
    ~~~~~~~~~~~^^^^^^^^^^^^^^^
  File "/home/gal_k_1_1998/revizor/sca-fuzzer/src/aarch64/aarch64_connection.py", line 673, in _ioctl
    ret = fcntl.ioctl(self.fd, cmd, buf)
KeyboardInterrupt

========================================================================
[PYTHON CRASH] 2026-05-31T15:51:40.196014
========================================================================
Traceback (most recent call last):
  File "/home/gal_k_1_1998/revizor/sca-fuzzer/./revizor.py", line 21, in <module>
    exit_code = main()
  File "/home/gal_k_1_1998/revizor/sca-fuzzer/src/cli.py", line 449, in main
    exit_code = fuzzer.start_random(args.num_test_cases, args.num_inputs, args.timeout,
                                    args.nonstop, args.save_violations)
  File "/home/gal_k_1_1998/revizor/sca-fuzzer/src/fuzzer.py", line 110, in start_random
    return self._start(num_test_cases, num_inputs, timeout, nonstop, save_violations)
           ~~~~~~~~~~~^^^^^^^^^^^^^^^^^^^^^^^^^^^^^^^^^^^^^^^^^^^^^^^^^^^^^^^^^^^^^^^
  File "/home/gal_k_1_1998/revizor/sca-fuzzer/src/fuzzer.py", line 159, in _start
    violation = self.fuzzing_round(test_case, inputs)
  File "/home/gal_k_1_1998/revizor/sca-fuzzer/src/fuzzer.py", line 225, in fuzzing_round
    violations, args.ctraces, htraces = self._collect_traces(args)
                                        ~~~~~~~~~~~~~~~~~~~~^^^^^^
  File "/home/gal_k_1_1998/revizor/sca-fuzzer/src/fuzzer.py", line 322, in _collect_traces
    htraces, test_cases = self.executor.trace_test_case(args.inputs, args.n_reps)
                          ~~~~~~~~~~~~~~~~~~~~~~~~~~~~~^^^^^^^^^^^^^^^^^^^^^^^^^^
  File "/home/gal_k_1_1998/revizor/sca-fuzzer/src/aarch64/aarch64_executor.py", line 656, in trace_test_case
    self.local_executor.trace()
    ~~~~~~~~~~~~~~~~~~~~~~~~~^^
  File "/home/gal_k_1_1998/revizor/sca-fuzzer/src/aarch64/aarch64_connection.py", line 679, in trace
    self._ioctl(REVISOR_TRACE)
    ~~~~~~~~~~~^^^^^^^^^^^^^^^
  File "/home/gal_k_1_1998/revizor/sca-fuzzer/src/aarch64/aarch64_connection.py", line 673, in _ioctl
    ret = fcntl.ioctl(self.fd, cmd, buf)
KeyboardInterrupt

========================================================================
[PYTHON CRASH] 2026-05-31T16:01:33.627131
========================================================================
Traceback (most recent call last):
  File "/home/gal_k_1_1998/revizor/sca-fuzzer/./revizor.py", line 21, in <module>
    exit_code = main()
  File "/home/gal_k_1_1998/revizor/sca-fuzzer/src/cli.py", line 449, in main
    exit_code = fuzzer.start_random(args.num_test_cases, args.num_inputs, args.timeout,
                                    args.nonstop, args.save_violations)
  File "/home/gal_k_1_1998/revizor/sca-fuzzer/src/fuzzer.py", line 110, in start_random
    return self._start(num_test_cases, num_inputs, timeout, nonstop, save_violations)
           ~~~~~~~~~~~^^^^^^^^^^^^^^^^^^^^^^^^^^^^^^^^^^^^^^^^^^^^^^^^^^^^^^^^^^^^^^^
  File "/home/gal_k_1_1998/revizor/sca-fuzzer/src/fuzzer.py", line 159, in _start
    violation = self.fuzzing_round(test_case, inputs)
  File "/home/gal_k_1_1998/revizor/sca-fuzzer/src/fuzzer.py", line 225, in fuzzing_round
    violations, args.ctraces, htraces = self._collect_traces(args)
                                        ~~~~~~~~~~~~~~~~~~~~^^^^^^
  File "/home/gal_k_1_1998/revizor/sca-fuzzer/src/fuzzer.py", line 322, in _collect_traces
    htraces, test_cases = self.executor.trace_test_case(args.inputs, args.n_reps)
                          ~~~~~~~~~~~~~~~~~~~~~~~~~~~~~^^^^^^^^^^^^^^^^^^^^^^^^^^
  File "/home/gal_k_1_1998/revizor/sca-fuzzer/src/aarch64/aarch64_executor.py", line 656, in trace_test_case
    self.local_executor.trace()
    ~~~~~~~~~~~~~~~~~~~~~~~~~^^
  File "/home/gal_k_1_1998/revizor/sca-fuzzer/src/aarch64/aarch64_connection.py", line 679, in trace
    self._ioctl(REVISOR_TRACE)
    ~~~~~~~~~~~^^^^^^^^^^^^^^^
  File "/home/gal_k_1_1998/revizor/sca-fuzzer/src/aarch64/aarch64_connection.py", line 673, in _ioctl
    ret = fcntl.ioctl(self.fd, cmd, buf)
KeyboardInterrupt

========================================================================
[PYTHON CRASH] 2026-05-31T16:07:51.017620
========================================================================
Traceback (most recent call last):
  File "/home/gal_k_1_1998/revizor/sca-fuzzer/./revizor.py", line 21, in <module>
    exit_code = main()
  File "/home/gal_k_1_1998/revizor/sca-fuzzer/src/cli.py", line 449, in main
    exit_code = fuzzer.start_random(args.num_test_cases, args.num_inputs, args.timeout,
                                    args.nonstop, args.save_violations)
  File "/home/gal_k_1_1998/revizor/sca-fuzzer/src/fuzzer.py", line 110, in start_random
    return self._start(num_test_cases, num_inputs, timeout, nonstop, save_violations)
           ~~~~~~~~~~~^^^^^^^^^^^^^^^^^^^^^^^^^^^^^^^^^^^^^^^^^^^^^^^^^^^^^^^^^^^^^^^
  File "/home/gal_k_1_1998/revizor/sca-fuzzer/src/fuzzer.py", line 159, in _start
    violation = self.fuzzing_round(test_case, inputs)
  File "/home/gal_k_1_1998/revizor/sca-fuzzer/src/fuzzer.py", line 225, in fuzzing_round
    violations, args.ctraces, htraces = self._collect_traces(args)
                                        ~~~~~~~~~~~~~~~~~~~~^^^^^^
  File "/home/gal_k_1_1998/revizor/sca-fuzzer/src/fuzzer.py", line 322, in _collect_traces
    htraces, test_cases = self.executor.trace_test_case(args.inputs, args.n_reps)
                          ~~~~~~~~~~~~~~~~~~~~~~~~~~~~~^^^^^^^^^^^^^^^^^^^^^^^^^^
  File "/home/gal_k_1_1998/revizor/sca-fuzzer/src/aarch64/aarch64_executor.py", line 656, in trace_test_case
    self.local_executor.trace()
    ~~~~~~~~~~~~~~~~~~~~~~~~~^^
  File "/home/gal_k_1_1998/revizor/sca-fuzzer/src/aarch64/aarch64_connection.py", line 679, in trace
    self._ioctl(REVISOR_TRACE)
    ~~~~~~~~~~~^^^^^^^^^^^^^^^
  File "/home/gal_k_1_1998/revizor/sca-fuzzer/src/aarch64/aarch64_connection.py", line 673, in _ioctl
    ret = fcntl.ioctl(self.fd, cmd, buf)
KeyboardInterrupt

========================================================================
[PYTHON CRASH] 2026-05-31T16:13:50.704131
========================================================================
Traceback (most recent call last):
  File "/home/gal_k_1_1998/revizor/sca-fuzzer/./revizor.py", line 21, in <module>
    exit_code = main()
  File "/home/gal_k_1_1998/revizor/sca-fuzzer/src/cli.py", line 449, in main
    exit_code = fuzzer.start_random(args.num_test_cases, args.num_inputs, args.timeout,
                                    args.nonstop, args.save_violations)
  File "/home/gal_k_1_1998/revizor/sca-fuzzer/src/fuzzer.py", line 110, in start_random
    return self._start(num_test_cases, num_inputs, timeout, nonstop, save_violations)
           ~~~~~~~~~~~^^^^^^^^^^^^^^^^^^^^^^^^^^^^^^^^^^^^^^^^^^^^^^^^^^^^^^^^^^^^^^^
  File "/home/gal_k_1_1998/revizor/sca-fuzzer/src/fuzzer.py", line 159, in _start
    violation = self.fuzzing_round(test_case, inputs)
  File "/home/gal_k_1_1998/revizor/sca-fuzzer/src/fuzzer.py", line 225, in fuzzing_round
    violations, args.ctraces, htraces = self._collect_traces(args)
                                        ~~~~~~~~~~~~~~~~~~~~^^^^^^
  File "/home/gal_k_1_1998/revizor/sca-fuzzer/src/fuzzer.py", line 322, in _collect_traces
    htraces, test_cases = self.executor.trace_test_case(args.inputs, args.n_reps)
                          ~~~~~~~~~~~~~~~~~~~~~~~~~~~~~^^^^^^^^^^^^^^^^^^^^^^^^^^
  File "/home/gal_k_1_1998/revizor/sca-fuzzer/src/aarch64/aarch64_executor.py", line 656, in trace_test_case
    self.local_executor.trace()
    ~~~~~~~~~~~~~~~~~~~~~~~~~^^
  File "/home/gal_k_1_1998/revizor/sca-fuzzer/src/aarch64/aarch64_connection.py", line 679, in trace
    self._ioctl(REVISOR_TRACE)
    ~~~~~~~~~~~^^^^^^^^^^^^^^^
  File "/home/gal_k_1_1998/revizor/sca-fuzzer/src/aarch64/aarch64_connection.py", line 673, in _ioctl
    ret = fcntl.ioctl(self.fd, cmd, buf)
KeyboardInterrupt

========================================================================
[PYTHON CRASH] 2026-05-31T16:14:26.827085
========================================================================
Traceback (most recent call last):
  File "/home/gal_k_1_1998/revizor/sca-fuzzer/./revizor.py", line 21, in <module>
    exit_code = main()
  File "/home/gal_k_1_1998/revizor/sca-fuzzer/src/cli.py", line 449, in main
    exit_code = fuzzer.start_random(args.num_test_cases, args.num_inputs, args.timeout,
                                    args.nonstop, args.save_violations)
  File "/home/gal_k_1_1998/revizor/sca-fuzzer/src/fuzzer.py", line 110, in start_random
    return self._start(num_test_cases, num_inputs, timeout, nonstop, save_violations)
           ~~~~~~~~~~~^^^^^^^^^^^^^^^^^^^^^^^^^^^^^^^^^^^^^^^^^^^^^^^^^^^^^^^^^^^^^^^
  File "/home/gal_k_1_1998/revizor/sca-fuzzer/src/fuzzer.py", line 159, in _start
    violation = self.fuzzing_round(test_case, inputs)
  File "/home/gal_k_1_1998/revizor/sca-fuzzer/src/fuzzer.py", line 225, in fuzzing_round
    violations, args.ctraces, htraces = self._collect_traces(args)
                                        ~~~~~~~~~~~~~~~~~~~~^^^^^^
  File "/home/gal_k_1_1998/revizor/sca-fuzzer/src/fuzzer.py", line 322, in _collect_traces
    htraces, test_cases = self.executor.trace_test_case(args.inputs, args.n_reps)
                          ~~~~~~~~~~~~~~~~~~~~~~~~~~~~~^^^^^^^^^^^^^^^^^^^^^^^^^^
  File "/home/gal_k_1_1998/revizor/sca-fuzzer/src/aarch64/aarch64_executor.py", line 656, in trace_test_case
    self.local_executor.trace()
    ~~~~~~~~~~~~~~~~~~~~~~~~~^^
  File "/home/gal_k_1_1998/revizor/sca-fuzzer/src/aarch64/aarch64_connection.py", line 679, in trace
    self._ioctl(REVISOR_TRACE)
    ~~~~~~~~~~~^^^^^^^^^^^^^^^
  File "/home/gal_k_1_1998/revizor/sca-fuzzer/src/aarch64/aarch64_connection.py", line 673, in _ioctl
    ret = fcntl.ioctl(self.fd, cmd, buf)
KeyboardInterrupt

========================================================================
[PYTHON CRASH] 2026-05-31T16:15:10.593175
========================================================================
Traceback (most recent call last):
  File "/home/gal_k_1_1998/revizor/sca-fuzzer/./revizor.py", line 21, in <module>
    exit_code = main()
  File "/home/gal_k_1_1998/revizor/sca-fuzzer/src/cli.py", line 449, in main
    exit_code = fuzzer.start_random(args.num_test_cases, args.num_inputs, args.timeout,
                                    args.nonstop, args.save_violations)
  File "/home/gal_k_1_1998/revizor/sca-fuzzer/src/fuzzer.py", line 110, in start_random
    return self._start(num_test_cases, num_inputs, timeout, nonstop, save_violations)
           ~~~~~~~~~~~^^^^^^^^^^^^^^^^^^^^^^^^^^^^^^^^^^^^^^^^^^^^^^^^^^^^^^^^^^^^^^^
  File "/home/gal_k_1_1998/revizor/sca-fuzzer/src/fuzzer.py", line 159, in _start
    violation = self.fuzzing_round(test_case, inputs)
  File "/home/gal_k_1_1998/revizor/sca-fuzzer/src/fuzzer.py", line 225, in fuzzing_round
    violations, args.ctraces, htraces = self._collect_traces(args)
                                        ~~~~~~~~~~~~~~~~~~~~^^^^^^
  File "/home/gal_k_1_1998/revizor/sca-fuzzer/src/fuzzer.py", line 322, in _collect_traces
    htraces, test_cases = self.executor.trace_test_case(args.inputs, args.n_reps)
                          ~~~~~~~~~~~~~~~~~~~~~~~~~~~~~^^^^^^^^^^^^^^^^^^^^^^^^^^
  File "/home/gal_k_1_1998/revizor/sca-fuzzer/src/aarch64/aarch64_executor.py", line 656, in trace_test_case
    self.local_executor.trace()
    ~~~~~~~~~~~~~~~~~~~~~~~~~^^
  File "/home/gal_k_1_1998/revizor/sca-fuzzer/src/aarch64/aarch64_connection.py", line 679, in trace
    self._ioctl(REVISOR_TRACE)
    ~~~~~~~~~~~^^^^^^^^^^^^^^^
  File "/home/gal_k_1_1998/revizor/sca-fuzzer/src/aarch64/aarch64_connection.py", line 673, in _ioctl
    ret = fcntl.ioctl(self.fd, cmd, buf)
KeyboardInterrupt

========================================================================
[FUZZER EXCEPTION] 2026-05-31T16:19:56.657703
========================================================================
Traceback (most recent call last):
  File "/home/gal_k_1_1998/revizor/sca-fuzzer/src/cli.py", line 449, in main
    exit_code = fuzzer.start_random(args.num_test_cases, args.num_inputs, args.timeout,
                                    args.nonstop, args.save_violations)
  File "/home/gal_k_1_1998/revizor/sca-fuzzer/src/fuzzer.py", line 108, in start_random
    self.initialize_modules()
    ~~~~~~~~~~~~~~~~~~~~~~~^^
  File "/home/gal_k_1_1998/revizor/sca-fuzzer/src/fuzzer.py", line 100, in initialize_modules
    self.generator = factory.get_program_generator(isa, prog_seed)
                     ~~~~~~~~~~~~~~~~~~~~~~~~~~~~~^^^^^^^^^^^^^^^^
  File "/home/gal_k_1_1998/revizor/sca-fuzzer/src/factory.py", line 137, in get_program_generator
    return _get_from_config(GENERATORS, CONF.instruction_set + "-" + CONF.generator,
                            "instruction_set", instruction_set, seed)
  File "/home/gal_k_1_1998/revizor/sca-fuzzer/src/factory.py", line 105, in _get_from_config
    return GenCls(*args)
  File "/home/gal_k_1_1998/revizor/sca-fuzzer/src/x86/x86_generator.py", line 893, in __init__
    super().__init__(instruction_set, seed)
    ~~~~~~~~~~~~~~~~^^^^^^^^^^^^^^^^^^^^^^^
  File "/home/gal_k_1_1998/revizor/sca-fuzzer/src/x86/x86_generator.py", line 41, in __init__
    self.elf_parser = X86ElfParser(self.target_desc)
                      ^^^^^^^^^^^^
  File "/usr/lib/python3.13/bdb.py", line 102, in trace_dispatch
    return self.dispatch_line(frame)
           ~~~~~~~~~~~~~~~~~~^^^^^^^
  File "/usr/lib/python3.13/bdb.py", line 129, in dispatch_line
    if self.quitting: raise BdbQuit
                      ^^^^^^^^^^^^^
bdb.BdbQuit

========================================================================
[PYTHON CRASH] 2026-05-31T16:21:21.795505
========================================================================
Traceback (most recent call last):
  File "/home/gal_k_1_1998/revizor/sca-fuzzer/./revizor.py", line 21, in <module>
    exit_code = main()
  File "/home/gal_k_1_1998/revizor/sca-fuzzer/src/cli.py", line 449, in main
    exit_code = fuzzer.start_random(args.num_test_cases, args.num_inputs, args.timeout,
                                    args.nonstop, args.save_violations)
  File "/home/gal_k_1_1998/revizor/sca-fuzzer/src/fuzzer.py", line 110, in start_random
    return self._start(num_test_cases, num_inputs, timeout, nonstop, save_violations)
           ~~~~~~~~~~~^^^^^^^^^^^^^^^^^^^^^^^^^^^^^^^^^^^^^^^^^^^^^^^^^^^^^^^^^^^^^^^
  File "/home/gal_k_1_1998/revizor/sca-fuzzer/src/fuzzer.py", line 159, in _start
    violation = self.fuzzing_round(test_case, inputs)
  File "/home/gal_k_1_1998/revizor/sca-fuzzer/src/fuzzer.py", line 225, in fuzzing_round
    violations, args.ctraces, htraces = self._collect_traces(args)
                                        ~~~~~~~~~~~~~~~~~~~~^^^^^^
  File "/home/gal_k_1_1998/revizor/sca-fuzzer/src/fuzzer.py", line 322, in _collect_traces
    htraces, test_cases = self.executor.trace_test_case(args.inputs, args.n_reps)
                          ~~~~~~~~~~~~~~~~~~~~~~~~~~~~~^^^^^^^^^^^^^^^^^^^^^^^^^^
  File "/home/gal_k_1_1998/revizor/sca-fuzzer/src/aarch64/aarch64_executor.py", line 656, in trace_test_case
    self.local_executor.trace()
    ~~~~~~~~~~~~~~~~~~~~~~~~~^^
  File "/home/gal_k_1_1998/revizor/sca-fuzzer/src/aarch64/aarch64_connection.py", line 679, in trace
    self._ioctl(REVISOR_TRACE)
    ~~~~~~~~~~~^^^^^^^^^^^^^^^
  File "/home/gal_k_1_1998/revizor/sca-fuzzer/src/aarch64/aarch64_connection.py", line 673, in _ioctl
    ret = fcntl.ioctl(self.fd, cmd, buf)
KeyboardInterrupt

========================================================================
[PYTHON CRASH] 2026-05-31T16:23:19.416974
========================================================================
Traceback (most recent call last):
  File "/home/gal_k_1_1998/revizor/sca-fuzzer/./revizor.py", line 21, in <module>
    exit_code = main()
  File "/home/gal_k_1_1998/revizor/sca-fuzzer/src/cli.py", line 449, in main
    exit_code = fuzzer.start_random(args.num_test_cases, args.num_inputs, args.timeout,
                                    args.nonstop, args.save_violations)
  File "/home/gal_k_1_1998/revizor/sca-fuzzer/src/fuzzer.py", line 110, in start_random
    return self._start(num_test_cases, num_inputs, timeout, nonstop, save_violations)
           ~~~~~~~~~~~^^^^^^^^^^^^^^^^^^^^^^^^^^^^^^^^^^^^^^^^^^^^^^^^^^^^^^^^^^^^^^^
  File "/home/gal_k_1_1998/revizor/sca-fuzzer/src/fuzzer.py", line 159, in _start
    violation = self.fuzzing_round(test_case, inputs)
  File "/home/gal_k_1_1998/revizor/sca-fuzzer/src/fuzzer.py", line 225, in fuzzing_round
    violations, args.ctraces, htraces = self._collect_traces(args)
                                        ~~~~~~~~~~~~~~~~~~~~^^^^^^
  File "/home/gal_k_1_1998/revizor/sca-fuzzer/src/fuzzer.py", line 322, in _collect_traces
    htraces, test_cases = self.executor.trace_test_case(args.inputs, args.n_reps)
                          ~~~~~~~~~~~~~~~~~~~~~~~~~~~~~^^^^^^^^^^^^^^^^^^^^^^^^^^
  File "/home/gal_k_1_1998/revizor/sca-fuzzer/src/aarch64/aarch64_executor.py", line 656, in trace_test_case
    self.local_executor.trace()
    ~~~~~~~~~~~~~~~~~~~~~~~~~^^
  File "/home/gal_k_1_1998/revizor/sca-fuzzer/src/aarch64/aarch64_connection.py", line 679, in trace
    self._ioctl(REVISOR_TRACE)
    ~~~~~~~~~~~^^^^^^^^^^^^^^^
  File "/home/gal_k_1_1998/revizor/sca-fuzzer/src/aarch64/aarch64_connection.py", line 673, in _ioctl
    ret = fcntl.ioctl(self.fd, cmd, buf)
KeyboardInterrupt

========================================================================
[PYTHON CRASH] 2026-05-31T17:27:37.495687
========================================================================
Traceback (most recent call last):
  File "/home/gal_k_1_1998/revizor/sca-fuzzer/./revizor.py", line 21, in <module>
    exit_code = main()
  File "/home/gal_k_1_1998/revizor/sca-fuzzer/src/cli.py", line 449, in main
    exit_code = fuzzer.start_random(args.num_test_cases, args.num_inputs, args.timeout,
                                    args.nonstop, args.save_violations)
  File "/home/gal_k_1_1998/revizor/sca-fuzzer/src/fuzzer.py", line 110, in start_random
    return self._start(num_test_cases, num_inputs, timeout, nonstop, save_violations)
           ~~~~~~~~~~~^^^^^^^^^^^^^^^^^^^^^^^^^^^^^^^^^^^^^^^^^^^^^^^^^^^^^^^^^^^^^^^
  File "/home/gal_k_1_1998/revizor/sca-fuzzer/src/fuzzer.py", line 159, in _start
    violation = self.fuzzing_round(test_case, inputs)
  File "/home/gal_k_1_1998/revizor/sca-fuzzer/src/fuzzer.py", line 225, in fuzzing_round
    violations, args.ctraces, htraces = self._collect_traces(args)
                                        ~~~~~~~~~~~~~~~~~~~~^^^^^^
  File "/home/gal_k_1_1998/revizor/sca-fuzzer/src/fuzzer.py", line 322, in _collect_traces
    htraces, test_cases = self.executor.trace_test_case(args.inputs, args.n_reps)
                          ~~~~~~~~~~~~~~~~~~~~~~~~~~~~~^^^^^^^^^^^^^^^^^^^^^^^^^^
  File "/home/gal_k_1_1998/revizor/sca-fuzzer/src/aarch64/aarch64_executor.py", line 656, in trace_test_case
    self.local_executor.trace()
    ~~~~~~~~~~~~~~~~~~~~~~~~~^^
  File "/home/gal_k_1_1998/revizor/sca-fuzzer/src/aarch64/aarch64_connection.py", line 679, in trace
    self._ioctl(REVISOR_TRACE)
    ~~~~~~~~~~~^^^^^^^^^^^^^^^
  File "/home/gal_k_1_1998/revizor/sca-fuzzer/src/aarch64/aarch64_connection.py", line 673, in _ioctl
    ret = fcntl.ioctl(self.fd, cmd, buf)
KeyboardInterrupt
